<?xml version="1.0" encoding="UTF-8"?>
<!-- Generated by org.testng.reporters.JUnitReportReporter -->
<testsuite hostname="Karthik-HP" name="com.learntestng.SampleTest" tests="1" failures="0" timestamp="7 Jul 2016 13:35:39 GMT" time="0.001" errors="0">
  <testcase name="sampletest" time="0.001" classname="com.learntestng.SampleTest"/>
</testsuite>
