<?xml version="1.0" encoding="UTF-8"?>
<!-- Generated by org.testng.reporters.JUnitReportReporter -->
<testsuite hostname="Karthik-HP" name="com.learntestng.AppTest" tests="1" failures="0" timestamp="7 Jul 2016 13:35:39 GMT" time="0.015" errors="0">
  <testcase name="sendMail" time="0.015" classname="com.learntestng.AppTest"/>
</testsuite>
